Copyright 1986-2022 Xilinx, Inc. All Rights Reserved. Copyright 2022-2024 Advanced Micro Devices, Inc. All Rights Reserved.
---------------------------------------------------------------------------------------------------------------------------------------------------------------------------------------------------------------------------------------------------------------------------
| Tool Version : Vivado v.2024.2 (win64) Build 5239630 Fri Nov 08 22:35:27 MST 2024
| Date         : Wed Jan  7 20:42:56 2026
| Host         : C28-2TK4150H12 running 64-bit major release  (build 9200)
| Command      : report_timing_summary -max_paths 10 -report_unconstrained -file simulated_priority_encoder_timing_summary_routed.rpt -pb simulated_priority_encoder_timing_summary_routed.pb -rpx simulated_priority_encoder_timing_summary_routed.rpx -warn_on_violation
| Design       : simulated_priority_encoder
| Device       : 7a200t-sbg484
| Speed File   : -1  PRODUCTION 1.23 2018-06-13
| Design State : Routed
---------------------------------------------------------------------------------------------------------------------------------------------------------------------------------------------------------------------------------------------------------------------------

Timing Summary Report

------------------------------------------------------------------------------------------------
| Timer Settings
| --------------
------------------------------------------------------------------------------------------------

  Enable Multi Corner Analysis               :  Yes
  Enable Pessimism Removal                   :  Yes
  Pessimism Removal Resolution               :  Nearest Common Node
  Enable Input Delay Default Clock           :  No
  Enable Preset / Clear Arcs                 :  No
  Disable Flight Delays                      :  No
  Ignore I/O Paths                           :  No
  Timing Early Launch at Borrowing Latches   :  No
  Borrow Time for Max Delay Exceptions       :  Yes
  Merge Timing Exceptions                    :  Yes
  Inter-SLR Compensation                     :  Conservative

  Corner  Analyze    Analyze    
  Name    Max Paths  Min Paths  
  ------  ---------  ---------  
  Slow    Yes        Yes        
  Fast    Yes        Yes        


------------------------------------------------------------------------------------------------
| Report Methodology
| ------------------
------------------------------------------------------------------------------------------------

No report available as report_methodology has not been run prior. Run report_methodology on the current design for the summary of methodology violations.



check_timing report

Table of Contents
-----------------
1. checking no_clock (0)
2. checking constant_clock (0)
3. checking pulse_width_clock (0)
4. checking unconstrained_internal_endpoints (0)
5. checking no_input_delay (0)
6. checking no_output_delay (0)
7. checking multiple_clock (0)
8. checking generated_clocks (0)
9. checking loops (0)
10. checking partial_input_delay (0)
11. checking partial_output_delay (0)
12. checking latch_loops (0)

1. checking no_clock (0)
------------------------
 There are 0 register/latch pins with no clock.


2. checking constant_clock (0)
------------------------------
 There are 0 register/latch pins with constant_clock.


3. checking pulse_width_clock (0)
---------------------------------
 There are 0 register/latch pins which need pulse_width check


4. checking unconstrained_internal_endpoints (0)
------------------------------------------------
 There are 0 pins that are not constrained for maximum delay.

 There are 0 pins that are not constrained for maximum delay due to constant clock.


5. checking no_input_delay (0)
------------------------------
 There are 0 input ports with no input delay specified.

 There are 0 input ports with no input delay but user has a false path constraint.


6. checking no_output_delay (0)
-------------------------------
 There are 0 ports with no output delay specified.

 There are 0 ports with no output delay but user has a false path constraint

 There are 0 ports with no output delay but with a timing clock defined on it or propagating through it


7. checking multiple_clock (0)
------------------------------
 There are 0 register/latch pins with multiple clocks.


8. checking generated_clocks (0)
--------------------------------
 There are 0 generated clocks that are not connected to a clock source.


9. checking loops (0)
---------------------
 There are 0 combinational loops in the design.


10. checking partial_input_delay (0)
------------------------------------
 There are 0 input ports with partial input delay specified.


11. checking partial_output_delay (0)
-------------------------------------
 There are 0 ports with partial output delay specified.


12. checking latch_loops (0)
----------------------------
 There are 0 combinational latch loops in the design through latch input



------------------------------------------------------------------------------------------------
| Design Timing Summary
| ---------------------
------------------------------------------------------------------------------------------------

    WNS(ns)      TNS(ns)  TNS Failing Endpoints  TNS Total Endpoints      WHS(ns)      THS(ns)  THS Failing Endpoints  THS Total Endpoints     WPWS(ns)     TPWS(ns)  TPWS Failing Endpoints  TPWS Total Endpoints  
    -------      -------  ---------------------  -------------------      -------      -------  ---------------------  -------------------     --------     --------  ----------------------  --------------------  
        inf        0.000                      0                    2          inf        0.000                      0                    2           NA           NA                      NA                    NA  


There are no user specified timing constraints.


------------------------------------------------------------------------------------------------
| Clock Summary
| -------------
------------------------------------------------------------------------------------------------


------------------------------------------------------------------------------------------------
| Intra Clock Table
| -----------------
------------------------------------------------------------------------------------------------

Clock             WNS(ns)      TNS(ns)  TNS Failing Endpoints  TNS Total Endpoints      WHS(ns)      THS(ns)  THS Failing Endpoints  THS Total Endpoints     WPWS(ns)     TPWS(ns)  TPWS Failing Endpoints  TPWS Total Endpoints  
-----             -------      -------  ---------------------  -------------------      -------      -------  ---------------------  -------------------     --------     --------  ----------------------  --------------------  


------------------------------------------------------------------------------------------------
| Inter Clock Table
| -----------------
------------------------------------------------------------------------------------------------

From Clock    To Clock          WNS(ns)      TNS(ns)  TNS Failing Endpoints  TNS Total Endpoints      WHS(ns)      THS(ns)  THS Failing Endpoints  THS Total Endpoints  
----------    --------          -------      -------  ---------------------  -------------------      -------      -------  ---------------------  -------------------  


------------------------------------------------------------------------------------------------
| Other Path Groups Table
| -----------------------
------------------------------------------------------------------------------------------------

Path Group    From Clock    To Clock          WNS(ns)      TNS(ns)  TNS Failing Endpoints  TNS Total Endpoints      WHS(ns)      THS(ns)  THS Failing Endpoints  THS Total Endpoints  
----------    ----------    --------          -------      -------  ---------------------  -------------------      -------      -------  ---------------------  -------------------  


------------------------------------------------------------------------------------------------
| User Ignored Path Table
| -----------------------
------------------------------------------------------------------------------------------------

Path Group    From Clock    To Clock    
----------    ----------    --------    


------------------------------------------------------------------------------------------------
| Unconstrained Path Table
| ------------------------
------------------------------------------------------------------------------------------------

Path Group    From Clock    To Clock    
----------    ----------    --------    
(none)                                    


------------------------------------------------------------------------------------------------
| Timing Details
| --------------
------------------------------------------------------------------------------------------------


--------------------------------------------------------------------------------------
Path Group:  (none)
From Clock:  
  To Clock:  

Max Delay             2 Endpoints
Min Delay             2 Endpoints
--------------------------------------------------------------------------------------


Max Delay Paths
--------------------------------------------------------------------------------------
Slack:                    inf
  Source:                 i_2
                            (input port)
  Destination:            o_Y[0]
                            (output port)
  Path Group:             (none)
  Path Type:              Max at Slow Process Corner
  Data Path Delay:        6.741ns  (logic 3.894ns (57.764%)  route 2.847ns (42.236%))
  Logic Levels:           3  (IBUF=1 LUT3=1 OBUF=1)

    Location             Delay type                Incr(ns)  Path(ns)    Netlist Resource(s)
  -------------------------------------------------------------------    -------------------
    R17                                               0.000     0.000 f  i_2 (IN)
                         net (fo=0)                   0.000     0.000    i_2
    R17                  IBUF (Prop_ibuf_I_O)         0.937     0.937 f  i_2_IBUF_inst/O
                         net (fo=2, routed)           1.147     2.084    i_2_IBUF
    SLICE_X0Y102         LUT3 (Prop_lut3_I0_O)        0.150     2.234 r  o_Y_OBUF[0]_inst_i_1/O
                         net (fo=1, routed)           1.700     3.934    o_Y_OBUF[0]
    N14                  OBUF (Prop_obuf_I_O)         2.806     6.741 r  o_Y_OBUF[0]_inst/O
                         net (fo=0)                   0.000     6.741    o_Y[0]
    N14                                                               r  o_Y[0] (OUT)
  -------------------------------------------------------------------    -------------------

Slack:                    inf
  Source:                 i_2
                            (input port)
  Destination:            o_Y[1]
                            (output port)
  Path Group:             (none)
  Path Type:              Max at Slow Process Corner
  Data Path Delay:        6.487ns  (logic 3.669ns (56.555%)  route 2.818ns (43.445%))
  Logic Levels:           3  (IBUF=1 LUT2=1 OBUF=1)

    Location             Delay type                Incr(ns)  Path(ns)    Netlist Resource(s)
  -------------------------------------------------------------------    -------------------
    R17                                               0.000     0.000 r  i_2 (IN)
                         net (fo=0)                   0.000     0.000    i_2
    R17                  IBUF (Prop_ibuf_I_O)         0.937     0.937 r  i_2_IBUF_inst/O
                         net (fo=2, routed)           1.147     2.084    i_2_IBUF
    SLICE_X0Y102         LUT2 (Prop_lut2_I1_O)        0.124     2.208 r  o_Y_OBUF[1]_inst_i_1/O
                         net (fo=1, routed)           1.671     3.880    o_Y_OBUF[1]
    N13                  OBUF (Prop_obuf_I_O)         2.607     6.487 r  o_Y_OBUF[1]_inst/O
                         net (fo=0)                   0.000     6.487    o_Y[1]
    N13                                                               r  o_Y[1] (OUT)
  -------------------------------------------------------------------    -------------------





Min Delay Paths
--------------------------------------------------------------------------------------
Slack:                    inf
  Source:                 i_1
                            (input port)
  Destination:            o_Y[1]
                            (output port)
  Path Group:             (none)
  Path Type:              Min at Fast Process Corner
  Data Path Delay:        2.043ns  (logic 1.330ns (65.092%)  route 0.713ns (34.908%))
  Logic Levels:           3  (IBUF=1 LUT2=1 OBUF=1)

    Location             Delay type                Incr(ns)  Path(ns)    Netlist Resource(s)
  -------------------------------------------------------------------    -------------------
    N15                                               0.000     0.000 r  i_1 (IN)
                         net (fo=0)                   0.000     0.000    i_1
    N15                  IBUF (Prop_ibuf_I_O)         0.160     0.160 r  i_1_IBUF_inst/O
                         net (fo=2, routed)           0.371     0.531    i_1_IBUF
    SLICE_X0Y102         LUT2 (Prop_lut2_I0_O)        0.045     0.576 r  o_Y_OBUF[1]_inst_i_1/O
                         net (fo=1, routed)           0.342     0.918    o_Y_OBUF[1]
    N13                  OBUF (Prop_obuf_I_O)         1.124     2.043 r  o_Y_OBUF[1]_inst/O
                         net (fo=0)                   0.000     2.043    o_Y[1]
    N13                                                               r  o_Y[1] (OUT)
  -------------------------------------------------------------------    -------------------

Slack:                    inf
  Source:                 i_1
                            (input port)
  Destination:            o_Y[0]
                            (output port)
  Path Group:             (none)
  Path Type:              Min at Fast Process Corner
  Data Path Delay:        2.111ns  (logic 1.392ns (65.939%)  route 0.719ns (34.061%))
  Logic Levels:           3  (IBUF=1 LUT3=1 OBUF=1)

    Location             Delay type                Incr(ns)  Path(ns)    Netlist Resource(s)
  -------------------------------------------------------------------    -------------------
    N15                                               0.000     0.000 r  i_1 (IN)
                         net (fo=0)                   0.000     0.000    i_1
    N15                  IBUF (Prop_ibuf_I_O)         0.160     0.160 r  i_1_IBUF_inst/O
                         net (fo=2, routed)           0.371     0.531    i_1_IBUF
    SLICE_X0Y102         LUT3 (Prop_lut3_I1_O)        0.048     0.579 r  o_Y_OBUF[0]_inst_i_1/O
                         net (fo=1, routed)           0.348     0.927    o_Y_OBUF[0]
    N14                  OBUF (Prop_obuf_I_O)         1.183     2.111 r  o_Y_OBUF[0]_inst/O
                         net (fo=0)                   0.000     2.111    o_Y[0]
    N14                                                               r  o_Y[0] (OUT)
  -------------------------------------------------------------------    -------------------





