Copyright 1986-2022 Xilinx, Inc. All Rights Reserved. Copyright 2022-2024 Advanced Micro Devices, Inc. All Rights Reserved.
---------------------------------------------------------------------------------------------------------------------------------------------
| Tool Version : Vivado v.2024.2 (win64) Build 5239630 Fri Nov 08 22:35:27 MST 2024
| Date         : Thu Jan 29 19:48:54 2026
| Host         : C28-2TK4150H12 running 64-bit major release  (build 9200)
| Command      : report_control_sets -verbose -file lab1_control_sets_placed.rpt
| Design       : lab1
| Device       : xc7a200t
---------------------------------------------------------------------------------------------------------------------------------------------

Control Set Information

Table of Contents
-----------------
1. Summary
2. Histogram
3. Flip-Flop Distribution
4. Detailed Control Set Information

1. Summary
----------

+----------------------------------------------------------+-------+
|                          Status                          | Count |
+----------------------------------------------------------+-------+
| Total control sets                                       |    16 |
|    Minimum number of control sets                        |    16 |
|    Addition due to synthesis replication                 |     0 |
|    Addition due to physical synthesis replication        |     0 |
| Unused register locations in slices containing registers |    70 |
+----------------------------------------------------------+-------+
* Control sets can be merged at opt_design using control_set_merge or merge_equivalent_drivers
** Run report_qor_suggestions for automated merging and remapping suggestions


2. Histogram
------------

+--------------------+-------+
|       Fanout       | Count |
+--------------------+-------+
| Total control sets |    16 |
| >= 0 to < 4        |     4 |
| >= 4 to < 6        |     4 |
| >= 6 to < 8        |     3 |
| >= 8 to < 10       |     0 |
| >= 10 to < 12      |     2 |
| >= 12 to < 14      |     1 |
| >= 14 to < 16      |     0 |
| >= 16              |     2 |
+--------------------+-------+
* Control sets can be remapped at either synth_design or opt_design


3. Flip-Flop Distribution
-------------------------

+--------------+-----------------------+------------------------+-----------------+--------------+
| Clock Enable | Synchronous Set/Reset | Asynchronous Set/Reset | Total Registers | Total Slices |
+--------------+-----------------------+------------------------+-----------------+--------------+
| No           | No                    | No                     |              90 |           29 |
| No           | No                    | Yes                    |               0 |            0 |
| No           | Yes                   | No                     |              34 |           13 |
| Yes          | No                    | No                     |               5 |            2 |
| Yes          | No                    | Yes                    |               0 |            0 |
| Yes          | Yes                   | No                     |              25 |           11 |
+--------------+-----------------------+------------------------+-----------------+--------------+


4. Detailed Control Set Information
-----------------------------------

+----------------------------------------------------------------------+----------------------------------------------------------------------------+---------------------------------------------------------------------------+------------------+----------------+--------------+
|                             Clock Signal                             |                                Enable Signal                               |                              Set/Reset Signal                             | Slice Load Count | Bel Load Count | Bels / Slice |
+----------------------------------------------------------------------+----------------------------------------------------------------------------+---------------------------------------------------------------------------+------------------+----------------+--------------+
|  video_inst/Inst_vga/vga_signal_generator_inst/h_sync_is_low_reg/G0  |                                                                            |                                                                           |                1 |              1 |         1.00 |
|  video_inst/Inst_vga/vga_signal_generator_inst/h_blank_is_low_reg/G0 |                                                                            |                                                                           |                1 |              1 |         1.00 |
|  video_inst/Inst_vga/vga_signal_generator_inst/v_blank_is_low_reg/G0 |                                                                            |                                                                           |                1 |              1 |         1.00 |
|  video_inst/Inst_vga/vga_signal_generator_inst/v_sync_is_low_reg/G0  |                                                                            |                                                                           |                1 |              1 |         1.00 |
|  clk_IBUF                                                            | numeric_stepper_t/process_q[10]_i_2__0_n_0                                 | numeric_stepper_t/process_q[9]_i_1_n_0                                    |                2 |              4 |         2.00 |
|  clk_IBUF                                                            | numeric_stepper_v/process_q[8]_i_1_n_0                                     |                                                                           |                2 |              5 |         2.50 |
|  clk_IBUF                                                            | numeric_stepper_t/process_q[10]_i_2__0_n_0                                 | numeric_stepper_t/process_q[10]_i_1_n_0                                   |                3 |              5 |         1.67 |
|  video_inst/mmcm_adv_inst_display_clocks/inst/clk_out2               |                                                                            | video_inst/inst_dvid/shift_red[7]_i_1_n_0                                 |                1 |              5 |         5.00 |
|  clk_IBUF                                                            |                                                                            |                                                                           |                3 |              6 |         2.00 |
|  clk_IBUF                                                            | numeric_stepper_v/process_q[8]_i_1_n_0                                     | numeric_stepper_v/process_q[10]_i_1_n_0                                   |                3 |              6 |         2.00 |
|  video_inst/mmcm_adv_inst_display_clocks/inst/clk_out2               |                                                                            | video_inst/inst_dvid/shift_red[9]_i_1_n_0                                 |                3 |              6 |         2.00 |
|  video_inst/mmcm_adv_inst_display_clocks/inst/clk_out1               |                                                                            | video_inst/Inst_vga/vga_signal_generator_inst/vertical_counter_inst/SR[0] |                3 |             10 |         3.33 |
|  video_inst/mmcm_adv_inst_display_clocks/inst/clk_out1               | video_inst/Inst_vga/vga_signal_generator_inst/horizontal_counter_inst/E[0] | video_inst/Inst_vga/vga_signal_generator_inst/vertical_counter_inst/SR[0] |                3 |             10 |         3.33 |
|  video_inst/mmcm_adv_inst_display_clocks/inst/clk_out1               |                                                                            | video_inst/Inst_vga/vga_signal_generator_inst/vga_reg[blank]_0            |                6 |             13 |         2.17 |
|  video_inst/mmcm_adv_inst_display_clocks/inst/clk_out2               |                                                                            |                                                                           |                6 |             29 |         4.83 |
|  video_inst/mmcm_adv_inst_display_clocks/inst/clk_out1               |                                                                            |                                                                           |               16 |             51 |         3.19 |
+----------------------------------------------------------------------+----------------------------------------------------------------------------+---------------------------------------------------------------------------+------------------+----------------+--------------+


